2026-04-23 01:36:04,101 - main - INFO - === Logging system initialized ===
2026-04-23 01:36:04,101 - main - INFO - Log file: logs/app_20260423_013604.log
2026-04-23 01:36:04,102 - main - INFO - Log level: INFO
2026-04-23 01:36:04,102 - main - INFO - Timestamp: 20260423_013604
2026-04-23 01:36:05,393 - main - INFO - Included router: routers.aihub.router
2026-04-23 01:36:05,413 - main - INFO - Included router: routers.auth.router
2026-04-23 01:36:05,417 - main - INFO - Included router: routers.health.router
2026-04-23 01:36:05,421 - main - INFO - Included router: routers.migrate.router
2026-04-23 01:36:05,449 - main - INFO - Included router: routers.settings.router
2026-04-23 01:36:05,495 - main - INFO - Included router: routers.storage.router
2026-04-23 01:36:05,516 - main - INFO - Included router: routers.user.router
2026-04-23 01:36:05,590 - main - INFO - Included router: routers.vocabulary_words.router
2026-04-23 01:36:05,591 - main - INFO - === Application startup initiated ===
2026-04-23 01:36:05,592 - services.database - INFO - Ignore creating tables
2026-04-23 01:36:05,592 - services.mock_data - INFO - Ignore initialize data
2026-04-23 01:36:05,592 - services.auth - INFO - Ignore initialize admin
2026-04-23 01:36:05,592 - main - INFO - === Application startup completed successfully ===
2026-04-23 01:36:10,978 - core.config - DEBUG - Read dynamic attribute jwt_secret_key from environment variable JWT_SECRET_KEY
2026-04-23 01:36:10,978 - core.config - DEBUG - Read dynamic attribute jwt_algorithm from environment variable JWT_ALGORITHM
2026-04-23 01:36:10,989 - core.auth - DEBUG - Authentication token validated for user hash: 0553def2
2026-04-23 01:36:11,709 - core.auth - DEBUG - Authentication token validated for user hash: 0553def2
2026-04-23 01:36:11,710 - core.database - DEBUG - [DB_OP] Starting get_db session creation
2026-04-23 01:36:11,711 - core.database - WARNING - Database session maker not available, attempting lazy initialization...
2026-04-23 01:36:11,711 - core.database - WARNING - Database not initialized, attempting lazy initialization...
2026-04-23 01:36:11,711 - core.database - INFO - Starting database initialization...
2026-04-23 01:36:11,711 - core.config - DEBUG - Read dynamic attribute database_url from environment variable DATABASE_URL
2026-04-23 01:36:11,711 - core.database - INFO - Normalizing database URL for async compatibility...
2026-04-23 01:36:11,712 - core.database - INFO - Creating async database engine...
2026-04-23 01:36:11,712 - core.database - INFO - Using QueuePool with connection pooling for non-Lambda environment
2026-04-23 01:36:11,756 - core.database - INFO - Database engine created successfully
2026-04-23 01:36:11,756 - core.database - INFO - Creating async session maker...
2026-04-23 01:36:11,756 - core.database - INFO - Async session maker created successfully
2026-04-23 01:36:11,756 - core.database - INFO - Database connection initialized successfully
2026-04-23 01:36:11,756 - core.database - DEBUG - [DB_OP] Starting create_tables
2026-04-23 01:36:11,757 - core.database - INFO - 🔧 Starting table creation...
2026-04-23 01:36:13,183 - core.database - INFO - Tables initialized successfully
2026-04-23 01:36:13,184 - core.database - DEBUG - [DB_OP] Create tables completed in 1.4273s
2026-04-23 01:36:13,250 - core.database - INFO - Lazy database initialization completed successfully
2026-04-23 01:36:13,250 - core.database - DEBUG - [DB_OP] Database session created successfully in 1.5404s
2026-04-23 01:36:13,251 - routers.vocabulary_words - DEBUG - Querying vocabulary_wordss: query=None, sort=-created_at, skip=0, limit=500, fields=None
2026-04-23 01:36:13,849 - routers.vocabulary_words - DEBUG - Found 8 vocabulary_wordss
2026-04-23 01:36:13,851 - core.database - DEBUG - [DB_OP] Database session cleanup after 2.1407s
2026-04-23 01:40:44,915 - core.auth - DEBUG - Authentication token validated for user hash: 0553def2
2026-04-23 01:40:45,268 - core.auth - DEBUG - Authentication token validated for user hash: 0553def2
2026-04-23 01:40:45,269 - core.database - DEBUG - [DB_OP] Starting get_db session creation
2026-04-23 01:40:45,272 - core.database - DEBUG - [DB_OP] Database session created successfully in 0.0025s
2026-04-23 01:40:45,272 - routers.vocabulary_words - DEBUG - Querying vocabulary_wordss: query=None, sort=-created_at, skip=0, limit=500, fields=None
2026-04-23 01:40:45,667 - routers.vocabulary_words - DEBUG - Found 8 vocabulary_wordss
2026-04-23 01:40:45,698 - core.database - DEBUG - [DB_OP] Database session cleanup after 0.4285s
2026-04-23 01:41:16,429 - dependencies.auth - DEBUG - Authentication required for request GET /api/v1/auth/me
2026-04-23 01:41:21,850 - core.auth - DEBUG - Authentication token validated for user hash: 0553def2
2026-04-23 01:41:22,229 - core.auth - DEBUG - Authentication token validated for user hash: 0553def2
2026-04-23 01:41:22,230 - core.database - DEBUG - [DB_OP] Starting get_db session creation
2026-04-23 01:41:22,230 - core.database - DEBUG - [DB_OP] Database session created successfully in 0.0002s
2026-04-23 01:41:22,230 - routers.vocabulary_words - DEBUG - Querying vocabulary_wordss: query=None, sort=-created_at, skip=0, limit=500, fields=None
2026-04-23 01:41:22,756 - routers.vocabulary_words - DEBUG - Found 8 vocabulary_wordss
2026-04-23 01:41:22,758 - core.database - DEBUG - [DB_OP] Database session cleanup after 0.5286s
2026-04-23 01:42:00,203 - services.database - DEBUG - [DB_OP] Starting database close
2026-04-23 01:42:00,273 - core.database - INFO - Database connection closed and engine disposed
2026-04-23 01:42:00,273 - services.database - INFO - Database connections closed
2026-04-23 01:42:00,273 - services.database - DEBUG - [DB_OP] Database close completed in 0.0703s
