2026-04-23 01:42:10,793 - main - INFO - === Logging system initialized ===
2026-04-23 01:42:10,793 - main - INFO - Log file: logs/app_20260423_014210.log
2026-04-23 01:42:10,793 - main - INFO - Log level: INFO
2026-04-23 01:42:10,793 - main - INFO - Timestamp: 20260423_014210
2026-04-23 01:42:11,808 - main - INFO - Included router: routers.aihub.router
2026-04-23 01:42:11,829 - main - INFO - Included router: routers.auth.router
2026-04-23 01:42:11,834 - main - INFO - Included router: routers.health.router
2026-04-23 01:42:11,836 - main - INFO - Included router: routers.migrate.router
2026-04-23 01:42:11,864 - main - INFO - Included router: routers.settings.router
2026-04-23 01:42:11,910 - main - INFO - Included router: routers.storage.router
2026-04-23 01:42:11,920 - main - INFO - Included router: routers.user.router
2026-04-23 01:42:11,986 - main - INFO - Included router: routers.vocabulary_words.router
2026-04-23 01:42:11,988 - main - INFO - === Application startup initiated ===
2026-04-23 01:42:11,988 - services.database - INFO - Ignore creating tables
2026-04-23 01:42:11,988 - services.mock_data - INFO - Ignore initialize data
2026-04-23 01:42:11,988 - services.auth - INFO - Ignore initialize admin
2026-04-23 01:42:11,988 - main - INFO - === Application startup completed successfully ===
2026-04-23 01:42:17,102 - core.config - DEBUG - Read dynamic attribute jwt_secret_key from environment variable JWT_SECRET_KEY
2026-04-23 01:42:17,102 - core.config - DEBUG - Read dynamic attribute jwt_algorithm from environment variable JWT_ALGORITHM
2026-04-23 01:42:17,117 - core.auth - DEBUG - Authentication token validated for user hash: 0553def2
2026-04-23 01:42:17,560 - core.auth - DEBUG - Authentication token validated for user hash: 0553def2
2026-04-23 01:42:17,561 - core.database - DEBUG - [DB_OP] Starting get_db session creation
2026-04-23 01:42:17,561 - core.database - WARNING - Database session maker not available, attempting lazy initialization...
2026-04-23 01:42:17,561 - core.database - WARNING - Database not initialized, attempting lazy initialization...
2026-04-23 01:42:17,561 - core.database - INFO - Starting database initialization...
2026-04-23 01:42:17,561 - core.config - DEBUG - Read dynamic attribute database_url from environment variable DATABASE_URL
2026-04-23 01:42:17,561 - core.database - INFO - Normalizing database URL for async compatibility...
2026-04-23 01:42:17,563 - core.database - INFO - Creating async database engine...
2026-04-23 01:42:17,563 - core.database - INFO - Using QueuePool with connection pooling for non-Lambda environment
2026-04-23 01:42:17,614 - core.database - INFO - Database engine created successfully
2026-04-23 01:42:17,614 - core.database - INFO - Creating async session maker...
2026-04-23 01:42:17,614 - core.database - INFO - Async session maker created successfully
2026-04-23 01:42:17,614 - core.database - INFO - Database connection initialized successfully
2026-04-23 01:42:17,614 - core.database - DEBUG - [DB_OP] Starting create_tables
2026-04-23 01:42:17,614 - core.database - INFO - 🔧 Starting table creation...
2026-04-23 01:42:19,046 - core.database - INFO - Tables initialized successfully
2026-04-23 01:42:19,046 - core.database - DEBUG - [DB_OP] Create tables completed in 1.4321s
2026-04-23 01:42:19,112 - core.database - INFO - Lazy database initialization completed successfully
2026-04-23 01:42:19,112 - core.database - DEBUG - [DB_OP] Database session created successfully in 1.5518s
2026-04-23 01:42:19,113 - routers.vocabulary_words - DEBUG - Querying vocabulary_wordss: query=None, sort=-created_at, skip=0, limit=500, fields=None
2026-04-23 01:42:19,703 - routers.vocabulary_words - DEBUG - Found 8 vocabulary_wordss
2026-04-23 01:42:19,705 - core.database - DEBUG - [DB_OP] Database session cleanup after 2.1444s
2026-04-23 01:46:24,533 - core.auth - DEBUG - Authentication token validated for user hash: 0553def2
2026-04-23 01:46:24,921 - core.auth - DEBUG - Authentication token validated for user hash: 0553def2
2026-04-23 01:46:24,922 - core.database - DEBUG - [DB_OP] Starting get_db session creation
2026-04-23 01:46:24,922 - core.database - DEBUG - [DB_OP] Database session created successfully in 0.0004s
2026-04-23 01:46:24,922 - routers.vocabulary_words - DEBUG - Querying vocabulary_wordss: query=None, sort=-created_at, skip=0, limit=500, fields=None
2026-04-23 01:46:25,311 - routers.vocabulary_words - DEBUG - Found 8 vocabulary_wordss
2026-04-23 01:46:25,311 - core.database - DEBUG - [DB_OP] Database session cleanup after 0.3899s
2026-04-23 02:00:22,184 - services.database - DEBUG - [DB_OP] Starting database close
2026-04-23 02:00:22,185 - core.database - INFO - Database connection closed and engine disposed
2026-04-23 02:00:22,185 - services.database - INFO - Database connections closed
2026-04-23 02:00:22,185 - services.database - DEBUG - [DB_OP] Database close completed in 0.0016s
