2026-04-23 05:10:18,573 - main - INFO - === Logging system initialized ===
2026-04-23 05:10:18,573 - main - INFO - Log file: logs/app_20260423_051018.log
2026-04-23 05:10:18,574 - main - INFO - Log level: INFO
2026-04-23 05:10:18,574 - main - INFO - Timestamp: 20260423_051018
2026-04-23 05:10:19,430 - main - INFO - Included router: routers.aihub.router
2026-04-23 05:10:19,447 - main - INFO - Included router: routers.auth.router
2026-04-23 05:10:19,613 - main - INFO - Included router: routers.grammar_rules.router
2026-04-23 05:10:19,616 - main - INFO - Included router: routers.health.router
2026-04-23 05:10:19,619 - main - INFO - Included router: routers.migrate.router
2026-04-23 05:10:19,643 - main - INFO - Included router: routers.settings.router
2026-04-23 05:10:19,680 - main - INFO - Included router: routers.storage.router
2026-04-23 05:10:19,688 - main - INFO - Included router: routers.user.router
2026-04-23 05:10:19,803 - main - INFO - Included router: routers.vocabulary_words.router
2026-04-23 05:10:19,805 - main - INFO - === Application startup initiated ===
2026-04-23 05:10:19,805 - services.database - INFO - Ignore creating tables
2026-04-23 05:10:19,805 - services.mock_data - INFO - Ignore initialize data
2026-04-23 05:10:19,805 - services.auth - INFO - Ignore initialize admin
2026-04-23 05:10:19,805 - main - INFO - === Application startup completed successfully ===
2026-04-23 05:10:37,748 - services.database - DEBUG - [DB_OP] Starting database close
2026-04-23 05:10:37,749 - services.database - INFO - Database connections closed
2026-04-23 05:10:37,749 - services.database - DEBUG - [DB_OP] Database close completed in 0.0006s
