2026-04-22 23:10:15,815 - main - INFO - === Logging system initialized ===
2026-04-22 23:10:15,815 - main - INFO - Log file: logs/app_20260422_231015.log
2026-04-22 23:10:15,815 - main - INFO - Log level: INFO
2026-04-22 23:10:15,816 - main - INFO - Timestamp: 20260422_231015
2026-04-22 23:10:16,972 - main - INFO - Included router: routers.aihub.router
2026-04-22 23:10:16,997 - main - INFO - Included router: routers.auth.router
2026-04-22 23:10:17,002 - main - INFO - Included router: routers.health.router
2026-04-22 23:10:17,057 - main - INFO - Included router: routers.settings.router
2026-04-22 23:10:17,100 - main - INFO - Included router: routers.storage.router
2026-04-22 23:10:17,116 - main - INFO - Included router: routers.user.router
2026-04-22 23:10:17,178 - main - INFO - Included router: routers.vocabulary_words.router
2026-04-22 23:10:17,180 - main - INFO - === Application startup initiated ===
2026-04-22 23:10:17,180 - services.database - INFO - Ignore creating tables
2026-04-22 23:10:17,181 - services.mock_data - INFO - Ignore initialize data
2026-04-22 23:10:17,182 - services.auth - INFO - Ignore initialize admin
2026-04-22 23:10:17,183 - main - INFO - === Application startup completed successfully ===
2026-04-22 23:10:22,905 - core.config - DEBUG - Read dynamic attribute jwt_secret_key from environment variable JWT_SECRET_KEY
2026-04-22 23:10:22,905 - core.config - DEBUG - Read dynamic attribute jwt_algorithm from environment variable JWT_ALGORITHM
2026-04-22 23:10:22,920 - core.auth - DEBUG - Authentication token validated for user hash: 0553def2
2026-04-22 23:10:23,451 - core.auth - DEBUG - Authentication token validated for user hash: 0553def2
2026-04-22 23:10:23,452 - core.database - DEBUG - [DB_OP] Starting get_db session creation
2026-04-22 23:10:23,452 - core.database - WARNING - Database session maker not available, attempting lazy initialization...
2026-04-22 23:10:23,452 - core.database - WARNING - Database not initialized, attempting lazy initialization...
2026-04-22 23:10:23,452 - core.database - INFO - Starting database initialization...
2026-04-22 23:10:23,452 - core.config - DEBUG - Read dynamic attribute database_url from environment variable DATABASE_URL
2026-04-22 23:10:23,453 - core.database - INFO - Normalizing database URL for async compatibility...
2026-04-22 23:10:23,455 - core.database - INFO - Creating async database engine...
2026-04-22 23:10:23,455 - core.database - INFO - Using QueuePool with connection pooling for non-Lambda environment
2026-04-22 23:10:23,509 - core.database - INFO - Database engine created successfully
2026-04-22 23:10:23,510 - core.database - INFO - Creating async session maker...
2026-04-22 23:10:23,510 - core.database - INFO - Async session maker created successfully
2026-04-22 23:10:23,510 - core.database - INFO - Database connection initialized successfully
2026-04-22 23:10:23,511 - core.database - DEBUG - [DB_OP] Starting create_tables
2026-04-22 23:10:23,511 - core.database - INFO - 🔧 Starting table creation...
2026-04-22 23:10:24,884 - core.database - INFO - Tables initialized successfully
2026-04-22 23:10:24,885 - core.database - DEBUG - [DB_OP] Create tables completed in 1.3738s
2026-04-22 23:10:24,947 - core.database - INFO - Lazy database initialization completed successfully
2026-04-22 23:10:24,948 - core.database - DEBUG - [DB_OP] Database session created successfully in 1.4962s
2026-04-22 23:10:24,949 - routers.vocabulary_words - DEBUG - Querying vocabulary_wordss: query=None, sort=-created_at, skip=0, limit=500, fields=None
2026-04-22 23:10:25,523 - routers.vocabulary_words - DEBUG - Found 0 vocabulary_wordss
2026-04-22 23:10:25,523 - core.database - DEBUG - [DB_OP] Database session cleanup after 2.0717s
2026-04-22 23:10:25,647 - services.database - DEBUG - [DB_OP] Starting database close
2026-04-22 23:10:25,713 - core.database - INFO - Database connection closed and engine disposed
2026-04-22 23:10:25,713 - services.database - INFO - Database connections closed
2026-04-22 23:10:25,713 - services.database - DEBUG - [DB_OP] Database close completed in 0.0662s
