2026-04-23 00:11:36,637 - main - INFO - === Logging system initialized ===
2026-04-23 00:11:36,638 - main - INFO - Log file: logs/app_20260423_001136.log
2026-04-23 00:11:36,638 - main - INFO - Log level: INFO
2026-04-23 00:11:36,638 - main - INFO - Timestamp: 20260423_001136
2026-04-23 00:11:37,587 - main - INFO - Included router: routers.aihub.router
2026-04-23 00:11:37,610 - main - INFO - Included router: routers.auth.router
2026-04-23 00:11:37,613 - main - INFO - Included router: routers.health.router
2026-04-23 00:11:37,615 - main - INFO - Included router: routers.migrate.router
2026-04-23 00:11:37,636 - main - INFO - Included router: routers.settings.router
2026-04-23 00:11:37,676 - main - INFO - Included router: routers.storage.router
2026-04-23 00:11:37,687 - main - INFO - Included router: routers.user.router
2026-04-23 00:11:37,739 - main - INFO - Included router: routers.vocabulary_words.router
2026-04-23 00:11:37,741 - main - INFO - === Application startup initiated ===
2026-04-23 00:11:37,742 - services.database - INFO - Ignore creating tables
2026-04-23 00:11:37,742 - services.mock_data - INFO - Ignore initialize data
2026-04-23 00:11:37,742 - services.auth - INFO - Ignore initialize admin
2026-04-23 00:11:37,742 - main - INFO - === Application startup completed successfully ===
2026-04-23 00:11:43,519 - core.config - DEBUG - Read dynamic attribute jwt_secret_key from environment variable JWT_SECRET_KEY
2026-04-23 00:11:43,519 - core.config - DEBUG - Read dynamic attribute jwt_algorithm from environment variable JWT_ALGORITHM
2026-04-23 00:11:43,528 - core.auth - DEBUG - Authentication token validated for user hash: 0553def2
2026-04-23 00:11:43,968 - core.auth - DEBUG - Authentication token validated for user hash: 0553def2
2026-04-23 00:11:43,968 - core.database - DEBUG - [DB_OP] Starting get_db session creation
2026-04-23 00:11:43,968 - core.database - WARNING - Database session maker not available, attempting lazy initialization...
2026-04-23 00:11:43,968 - core.database - WARNING - Database not initialized, attempting lazy initialization...
2026-04-23 00:11:43,969 - core.database - INFO - Starting database initialization...
2026-04-23 00:11:43,969 - core.config - DEBUG - Read dynamic attribute database_url from environment variable DATABASE_URL
2026-04-23 00:11:43,969 - core.database - INFO - Normalizing database URL for async compatibility...
2026-04-23 00:11:43,970 - core.database - INFO - Creating async database engine...
2026-04-23 00:11:43,970 - core.database - INFO - Using QueuePool with connection pooling for non-Lambda environment
2026-04-23 00:11:44,045 - core.database - INFO - Database engine created successfully
2026-04-23 00:11:44,045 - core.database - INFO - Creating async session maker...
2026-04-23 00:11:44,045 - core.database - INFO - Async session maker created successfully
2026-04-23 00:11:44,045 - core.database - INFO - Database connection initialized successfully
2026-04-23 00:11:44,045 - core.database - DEBUG - [DB_OP] Starting create_tables
2026-04-23 00:11:44,046 - core.database - INFO - 🔧 Starting table creation...
2026-04-23 00:11:45,454 - core.database - INFO - Tables initialized successfully
2026-04-23 00:11:45,455 - core.database - DEBUG - [DB_OP] Create tables completed in 1.4095s
2026-04-23 00:11:45,519 - core.database - INFO - Lazy database initialization completed successfully
2026-04-23 00:11:45,519 - core.database - DEBUG - [DB_OP] Database session created successfully in 1.5509s
2026-04-23 00:11:45,520 - routers.vocabulary_words - DEBUG - Querying vocabulary_wordss: query=None, sort=-created_at, skip=0, limit=500, fields=None
2026-04-23 00:11:46,102 - routers.vocabulary_words - DEBUG - Found 7 vocabulary_wordss
2026-04-23 00:11:46,103 - core.database - DEBUG - [DB_OP] Database session cleanup after 2.1343s
2026-04-23 00:11:54,588 - services.database - DEBUG - [DB_OP] Starting database close
2026-04-23 00:11:54,655 - core.database - INFO - Database connection closed and engine disposed
2026-04-23 00:11:54,655 - services.database - INFO - Database connections closed
2026-04-23 00:11:54,655 - services.database - DEBUG - [DB_OP] Database close completed in 0.0673s
