2026-04-22 23:24:42,660 - main - INFO - === Logging system initialized ===
2026-04-22 23:24:42,661 - main - INFO - Log file: logs/app_20260422_232442.log
2026-04-22 23:24:42,661 - main - INFO - Log level: INFO
2026-04-22 23:24:42,661 - main - INFO - Timestamp: 20260422_232442
2026-04-22 23:24:43,507 - main - INFO - Included router: routers.aihub.router
2026-04-22 23:24:43,528 - main - INFO - Included router: routers.auth.router
2026-04-22 23:24:43,530 - main - INFO - Included router: routers.health.router
2026-04-22 23:24:43,532 - main - INFO - Included router: routers.migrate.router
2026-04-22 23:24:43,556 - main - INFO - Included router: routers.settings.router
2026-04-22 23:24:43,596 - main - INFO - Included router: routers.storage.router
2026-04-22 23:24:43,607 - main - INFO - Included router: routers.user.router
2026-04-22 23:24:43,777 - main - INFO - Included router: routers.vocabulary_words.router
2026-04-22 23:24:43,778 - main - INFO - === Application startup initiated ===
2026-04-22 23:24:43,779 - services.database - INFO - Ignore creating tables
2026-04-22 23:24:43,779 - services.mock_data - INFO - Ignore initialize data
2026-04-22 23:24:43,779 - services.auth - INFO - Ignore initialize admin
2026-04-22 23:24:43,779 - main - INFO - === Application startup completed successfully ===
2026-04-22 23:24:43,787 - core.database - DEBUG - [DB_OP] Starting get_db session creation
2026-04-22 23:24:43,787 - core.database - WARNING - Database session maker not available, attempting lazy initialization...
2026-04-22 23:24:43,788 - core.database - WARNING - Database not initialized, attempting lazy initialization...
2026-04-22 23:24:43,788 - core.database - INFO - Starting database initialization...
2026-04-22 23:24:43,788 - core.config - DEBUG - Read dynamic attribute database_url from environment variable DATABASE_URL
2026-04-22 23:24:43,789 - core.database - INFO - Normalizing database URL for async compatibility...
2026-04-22 23:24:43,790 - core.database - INFO - Creating async database engine...
2026-04-22 23:24:43,790 - core.database - INFO - Using QueuePool with connection pooling for non-Lambda environment
2026-04-22 23:24:43,834 - core.database - INFO - Database engine created successfully
2026-04-22 23:24:43,834 - core.database - INFO - Creating async session maker...
2026-04-22 23:24:43,835 - core.database - INFO - Async session maker created successfully
2026-04-22 23:24:43,835 - core.database - INFO - Database connection initialized successfully
2026-04-22 23:24:43,835 - core.database - DEBUG - [DB_OP] Starting create_tables
2026-04-22 23:24:43,835 - core.database - INFO - 🔧 Starting table creation...
2026-04-22 23:24:45,227 - core.database - INFO - Tables initialized successfully
2026-04-22 23:24:45,227 - core.database - DEBUG - [DB_OP] Create tables completed in 1.3919s
2026-04-22 23:24:45,291 - core.database - INFO - Lazy database initialization completed successfully
2026-04-22 23:24:45,291 - core.database - DEBUG - [DB_OP] Database session created successfully in 1.5045s
2026-04-22 23:24:45,808 - core.database - DEBUG - [DB_OP] Database session cleanup after 2.0205s
2026-04-22 23:25:00,548 - dependencies.auth - DEBUG - Authentication required for request GET /api/v1/auth/me
2026-04-22 23:25:02,378 - core.config - DEBUG - Read dynamic attribute jwt_secret_key from environment variable JWT_SECRET_KEY
2026-04-22 23:25:02,378 - core.config - DEBUG - Read dynamic attribute jwt_algorithm from environment variable JWT_ALGORITHM
2026-04-22 23:25:02,411 - core.auth - DEBUG - Authentication token validated for user hash: 0553def2
2026-04-22 23:25:02,810 - core.auth - DEBUG - Authentication token validated for user hash: 0553def2
2026-04-22 23:25:02,810 - core.database - DEBUG - [DB_OP] Starting get_db session creation
2026-04-22 23:25:02,810 - core.database - DEBUG - [DB_OP] Database session created successfully in 0.0002s
2026-04-22 23:25:02,810 - routers.vocabulary_words - DEBUG - Querying vocabulary_wordss: query=None, sort=-created_at, skip=0, limit=500, fields=None
2026-04-22 23:25:03,328 - routers.vocabulary_words - DEBUG - Found 5 vocabulary_wordss
2026-04-22 23:25:03,330 - core.database - DEBUG - [DB_OP] Database session cleanup after 0.5198s
2026-04-22 23:25:38,881 - services.database - DEBUG - [DB_OP] Starting database close
2026-04-22 23:25:38,949 - core.database - INFO - Database connection closed and engine disposed
2026-04-22 23:25:38,949 - services.database - INFO - Database connections closed
2026-04-22 23:25:38,949 - services.database - DEBUG - [DB_OP] Database close completed in 0.0685s
